app/build/outputs/mapping/release/seeds.txt
com.acerosocotlan.progresoacerosocotlan.Controlador.AcuseRecibo
com.acerosocotlan.progresoacerosocotlan.Controlador.AcuseRecibo: AcuseRecibo()
com.acerosocotlan.progresoacerosocotlan.Controlador.CodigoIngreso
com.acerosocotlan.progresoacerosocotlan.Controlador.CodigoIngreso: CodigoIngreso()
com.acerosocotlan.progresoacerosocotlan.Controlador.DetalleEntregaActivity2
com.acerosocotlan.progresoacerosocotlan.Controlador.DetalleEntregaActivity2: DetalleEntregaActivity2()
com.acerosocotlan.progresoacerosocotlan.Controlador.EncuestaActivity
com.acerosocotlan.progresoacerosocotlan.Controlador.EncuestaActivity: EncuestaActivity()
com.acerosocotlan.progresoacerosocotlan.Controlador.EncuestaComentario
com.acerosocotlan.progresoacerosocotlan.Controlador.EncuestaComentario: EncuestaComentario()
com.acerosocotlan.progresoacerosocotlan.Controlador.ErrorConexionActivity
com.acerosocotlan.progresoacerosocotlan.Controlador.ErrorConexionActivity: ErrorConexionActivity()
com.acerosocotlan.progresoacerosocotlan.Controlador.FirmaSistemasActivity
com.acerosocotlan.progresoacerosocotlan.Controlador.FirmaSistemasActivity: FirmaSistemasActivity()
com.acerosocotlan.progresoacerosocotlan.Controlador.ProgresoEntregaActivity
com.acerosocotlan.progresoacerosocotlan.Controlador.ProgresoEntregaActivity: ProgresoEntregaActivity()
com.acerosocotlan.progresoacerosocotlan.Controlador.Splash
com.acerosocotlan.progresoacerosocotlan.Controlador.Splash: Splash()
com.acerosocotlan.progresoacerosocotlan.Controlador.VerOferta
com.acerosocotlan.progresoacerosocotlan.Controlador.VerOferta: VerOferta()
com.acerosocotlan.progresoacerosocotlan.R$anim: int abc_fade_in
com.acerosocotlan.progresoacerosocotlan.R$anim: int abc_fade_out
com.acerosocotlan.progresoacerosocotlan.R$anim: int abc_grow_fade_in_from_bottom
com.acerosocotlan.progresoacerosocotlan.R$anim: int abc_popup_enter
com.acerosocotlan.progresoacerosocotlan.R$anim: int abc_popup_exit
com.acerosocotlan.progresoacerosocotlan.R$anim: int abc_shrink_fade_out_from_bottom
com.acerosocotlan.progresoacerosocotlan.R$anim: int abc_slide_in_bottom
com.acerosocotlan.progresoacerosocotlan.R$anim: int abc_slide_in_top
com.acerosocotlan.progresoacerosocotlan.R$anim: int abc_slide_out_bottom
com.acerosocotlan.progresoacerosocotlan.R$anim: int abc_slide_out_top
com.acerosocotlan.progresoacerosocotlan.R$anim: int abc_tooltip_enter
com.acerosocotlan.progresoacerosocotlan.R$anim: int abc_tooltip_exit
com.acerosocotlan.progresoacerosocotlan.R$anim: int activity_transition_in
com.acerosocotlan.progresoacerosocotlan.R$anim: int camion_animacion
com.acerosocotlan.progresoacerosocotlan.R$anim: int camion_salida_animacion
com.acerosocotlan.progresoacerosocotlan.R$anim: int cardview_splash
com.acerosocotlan.progresoacerosocotlan.R$anim: int carro_splash
com.acerosocotlan.progresoacerosocotlan.R$anim: int clickdedo
com.acerosocotlan.progresoacerosocotlan.R$anim: int clickdedoalternativo_animation
com.acerosocotlan.progresoacerosocotlan.R$anim: int cola_simaba_animation
com.acerosocotlan.progresoacerosocotlan.R$anim: int corazonsimba_animation
com.acerosocotlan.progresoacerosocotlan.R$animator: int design_appbar_state_list_animator
com.acerosocotlan.progresoacerosocotlan.R$animator: int design_fab_hide_motion_spec
com.acerosocotlan.progresoacerosocotlan.R$animator: int design_fab_show_motion_spec
com.acerosocotlan.progresoacerosocotlan.R$animator: int mtrl_btn_state_list_anim
com.acerosocotlan.progresoacerosocotlan.R$animator: int mtrl_btn_unelevated_state_list_anim
com.acerosocotlan.progresoacerosocotlan.R$animator: int mtrl_chip_state_list_anim
com.acerosocotlan.progresoacerosocotlan.R$animator: int mtrl_fab_hide_motion_spec
com.acerosocotlan.progresoacerosocotlan.R$animator: int mtrl_fab_show_motion_spec
com.acerosocotlan.progresoacerosocotlan.R$animator: int mtrl_fab_transformation_sheet_collapse_spec
com.acerosocotlan.progresoacerosocotlan.R$animator: int mtrl_fab_transformation_sheet_expand_spec
...
com.squareup.picasso.Picasso$LoadedFrom: com.squareup.picasso.Picasso$LoadedFrom[] values()
com.squareup.picasso.Picasso$LoadedFrom: com.squareup.picasso.Picasso$LoadedFrom valueOf(java.lang.String)
com.squareup.picasso.Picasso$Priority: com.squareup.picasso.Picasso$Priority[] values()
com.squareup.picasso.Picasso$Priority: com.squareup.picasso.Picasso$Priority valueOf(java.lang.String)
it.sephiroth.android.library.imagezoom.ImageViewTouch
it.sephiroth.android.library.imagezoom.ImageViewTouch: ImageViewTouch(android.content.Context,android.util.AttributeSet)
it.sephiroth.android.library.imagezoom.ImageViewTouch: void setQuickScaleEnabled(boolean)
it.sephiroth.android.library.imagezoom.ImageViewTouch: boolean getQuickScaleEnabled()
it.sephiroth.android.library.imagezoom.ImageViewTouch: float getScaleFactor()
it.sephiroth.android.library.imagezoom.ImageViewTouch: void setDoubleTapListener(it.sephiroth.android.library.imagezoom.ImageViewTouch$OnImageViewTouchDoubleTapListener)
it.sephiroth.android.library.imagezoom.ImageViewTouch: void setSingleTapListener(it.sephiroth.android.library.imagezoom.ImageViewTouch$OnImageViewTouchSingleTapListener)
it.sephiroth.android.library.imagezoom.ImageViewTouch: void setDoubleTapEnabled(boolean)
it.sephiroth.android.library.imagezoom.ImageViewTouch: void setScaleEnabled(boolean)
it.sephiroth.android.library.imagezoom.ImageViewTouch: void setScrollEnabled(boolean)
it.sephiroth.android.library.imagezoom.ImageViewTouch: boolean getDoubleTapEnabled()
it.sephiroth.android.library.imagezoom.ImageViewTouch: android.view.GestureDetector$OnGestureListener getGestureListener()
it.sephiroth.android.library.imagezoom.ImageViewTouch: android.view.ScaleGestureDetector$OnScaleGestureListener getScaleListener()
it.sephiroth.android.library.imagezoom.ImageViewTouchBase: ImageViewTouchBase(android.content.Context,android.util.AttributeSet)
it.sephiroth.android.library.imagezoom.ImageViewTouchBase: boolean getBitmapChanged()
it.sephiroth.android.library.imagezoom.ImageViewTouchBase: void setOnDrawableChangedListener(it.sephiroth.android.library.imagezoom.ImageViewTouchBase$OnDrawableChangeListener)
it.sephiroth.android.library.imagezoom.ImageViewTouchBase: void setOnLayoutChangeListener(it.sephiroth.android.library.imagezoom.ImageViewTouchBase$OnLayoutChangeListener)
it.sephiroth.android.library.imagezoom.ImageViewTouchBase: void setDisplayType(it.sephiroth.android.library.imagezoom.ImageViewTouchBase$DisplayType)
it.sephiroth.android.library.imagezoom.ImageViewTouchBase: it.sephiroth.android.library.imagezoom.ImageViewTouchBase$DisplayType getDisplayType()
it.sephiroth.android.library.imagezoom.ImageViewTouchBase: void setMinScale(float)
it.sephiroth.android.library.imagezoom.ImageViewTouchBase: void setMaxScale(float)
it.sephiroth.android.library.imagezoom.ImageViewTouchBase: void setImageResource(int)
it.sephiroth.android.library.imagezoom.ImageViewTouchBase: void setImageBitmap(android.graphics.Bitmap)
it.sephiroth.android.library.imagezoom.ImageViewTouchBase: void setImageDrawable(android.graphics.drawable.Drawable)
it.sephiroth.android.library.imagezoom.ImageViewTouchBase: float getMaxScale()
it.sephiroth.android.library.imagezoom.ImageViewTouchBase: float getMinScale()
it.sephiroth.android.library.imagezoom.ImageViewTouchBase$DisplayType: it.sephiroth.android.library.imagezoom.ImageViewTouchBase$DisplayType[] values()
it.sephiroth.android.library.imagezoom.ImageViewTouchBase$DisplayType: it.sephiroth.android.library.imagezoom.ImageViewTouchBase$DisplayType valueOf(java.lang.String)
okhttp3.HttpUrl$Builder$ParseResult: okhttp3.HttpUrl$Builder$ParseResult[] values()
okhttp3.HttpUrl$Builder$ParseResult: okhttp3.HttpUrl$Builder$ParseResult valueOf(java.lang.String)
okhttp3.Protocol: okhttp3.Protocol[] values()
okhttp3.Protocol: okhttp3.Protocol valueOf(java.lang.String)
okhttp3.TlsVersion: okhttp3.TlsVersion[] values()
okhttp3.TlsVersion: okhttp3.TlsVersion valueOf(java.lang.String)