app/build/outputs/mapping/release/mapping.txt
com.acerosocotlan.progresoacerosocotlan.Adaptador.AdapterRecyclerView -> com.acerosocotlan.progresoacerosocotlan.a.a:
    java.util.List arraylistDetalleEntrega -> a
    int resource -> b
    android.app.Activity activity -> c
    android.content.Context context -> d
    void <init>(java.util.List,int,android.app.Activity,android.content.Context) -> <init>
    com.acerosocotlan.progresoacerosocotlan.Adaptador.AdapterRecyclerView$AdapterRecyclerHolder onCreateViewHolder(android.view.ViewGroup,int) -> c
    void onBindViewHolder(com.acerosocotlan.progresoacerosocotlan.Adaptador.AdapterRecyclerView$AdapterRecyclerHolder,int) -> a
    int getItemCount() -> a
    void onBindViewHolder(android.support.v7.widget.RecyclerView$ViewHolder,int) -> a
    android.support.v7.widget.RecyclerView$ViewHolder onCreateViewHolder(android.view.ViewGroup,int) -> a
com.acerosocotlan.progresoacerosocotlan.Adaptador.AdapterRecyclerView$AdapterRecyclerHolder -> com.acerosocotlan.progresoacerosocotlan.a.a$a:
    android.widget.TextView txt_cantidad_entrega -> r
    android.widget.TextView txt_unidad_entrega -> s
    android.widget.TextView txt_cantidad_kg -> t
    android.widget.TextView txt_descripcion_entrega -> u
    com.acerosocotlan.progresoacerosocotlan.Adaptador.AdapterRecyclerView this$0 -> q
    void <init>(com.acerosocotlan.progresoacerosocotlan.Adaptador.AdapterRecyclerView,android.view.View) -> <init>
    android.widget.TextView access$000(com.acerosocotlan.progresoacerosocotlan.Adaptador.AdapterRecyclerView$AdapterRecyclerHolder) -> a
    android.widget.TextView access$100(com.acerosocotlan.progresoacerosocotlan.Adaptador.AdapterRecyclerView$AdapterRecyclerHolder) -> b
    android.widget.TextView access$200(com.acerosocotlan.progresoacerosocotlan.Adaptador.AdapterRecyclerView$AdapterRecyclerHolder) -> c
    android.widget.TextView access$300(com.acerosocotlan.progresoacerosocotlan.Adaptador.AdapterRecyclerView$AdapterRecyclerHolder) -> d
com.acerosocotlan.progresoacerosocotlan.Adaptador.AdapterRecyclerViewOfertas -> com.acerosocotlan.progresoacerosocotlan.a.b:
    java.util.List arraylistVerOfertas -> a
    int resource -> b
    android.app.Activity activity -> c
    android.content.Context context -> d
    void <init>(java.util.List,int,android.app.Activity,android.content.Context) -> <init>
    com.acerosocotlan.progresoacerosocotlan.Adaptador.AdapterRecyclerViewOfertas$AdapterRecyclerHolder onCreateViewHolder(android.view.ViewGroup,int) -> c
    void onBindViewHolder(com.acerosocotlan.progresoacerosocotlan.Adaptador.AdapterRecyclerViewOfertas$AdapterRecyclerHolder,int) -> a
    int getItemCount() -> a
    void onBindViewHolder(android.support.v7.widget.RecyclerView$ViewHolder,int) -> a
    android.support.v7.widget.RecyclerView$ViewHolder onCreateViewHolder(android.view.ViewGroup,int) -> a
...
com.google.gson.internal.bind.TypeAdapters$7 -> com.a.a.b.a.n$33:
    void <init>() -> <init>
    java.lang.Number read(com.google.gson.stream.JsonReader) -> a
    void write(com.google.gson.stream.JsonWriter,java.lang.Number) -> a
    java.lang.Object read(com.google.gson.stream.JsonReader) -> b
    void write(com.google.gson.stream.JsonWriter,java.lang.Object) -> a
com.google.gson.internal.bind.TypeAdapters$8 -> com.a.a.b.a.n$34:
    void <init>() -> <init>
    java.util.concurrent.atomic.AtomicInteger read(com.google.gson.stream.JsonReader) -> a
    void write(com.google.gson.stream.JsonWriter,java.util.concurrent.atomic.AtomicInteger) -> a
    java.lang.Object read(com.google.gson.stream.JsonReader) -> b
    void write(com.google.gson.stream.JsonWriter,java.lang.Object) -> a
com.google.gson.internal.bind.TypeAdapters$9 -> com.a.a.b.a.n$35:
    void <init>() -> <init>
    java.util.concurrent.atomic.AtomicBoolean read(com.google.gson.stream.JsonReader) -> a
    void write(com.google.gson.stream.JsonWriter,java.util.concurrent.atomic.AtomicBoolean) -> a
    java.lang.Object read(com.google.gson.stream.JsonReader) -> b
    void write(com.google.gson.stream.JsonWriter,java.lang.Object) -> a
com.google.gson.internal.bind.TypeAdapters$EnumTypeAdapter -> com.a.a.b.a.n$a:
    java.util.Map nameToConstant -> a
    java.util.Map constantToName -> b
    void <init>(java.lang.Class) -> <init>
    java.lang.Enum read(com.google.gson.stream.JsonReader) -> a
    void write(com.google.gson.stream.JsonWriter,java.lang.Enum) -> a
    java.lang.Object read(com.google.gson.stream.JsonReader) -> b
    void write(com.google.gson.stream.JsonWriter,java.lang.Object) -> a
com.google.gson.internal.bind.util.ISO8601Utils -> com.a.a.b.a.a.a:
    java.util.TimeZone TIMEZONE_UTC -> a
    java.util.Date parse(java.lang.String,java.text.ParsePosition) -> a
    boolean checkOffset(java.lang.String,int,char) -> a
    int parseInt(java.lang.String,int,int) -> a
    int indexOfNonDigit(java.lang.String,int) -> a
    void <clinit>() -> <clinit>
com.google.gson.reflect.TypeToken -> com.a.a.c.a:
    java.lang.Class rawType -> a
    java.lang.reflect.Type type -> b
    int hashCode -> c
    void <init>() -> <init>
    void <init>(java.lang.reflect.Type) -> <init>
    java.lang.reflect.Type getSuperclassTypeParameter(java.lang.Class) -> a
    java.lang.Class getRawType() -> a
    java.lang.reflect.Type getType() -> b
    int hashCode() -> hashCode
    boolean equals(java.lang.Object) -> equals
    java.lang.String toString() -> toString
    com.google.gson.reflect.TypeToken get(java.lang.reflect.Type) -> a
    com.google.gson.reflect.TypeToken get(java.lang.Class) -> b