app/build/outputs/mapping/release/usage.txt
com.acerosocotlan.progresoacerosocotlan.BuildConfig
com.acerosocotlan.progresoacerosocotlan.Controlador.AcuseRecibo:
    private static final long VIBRACION_TIEMPO
com.acerosocotlan.progresoacerosocotlan.Controlador.DetalleEntregaActivity2:
    private android.support.design.widget.CollapsingToolbarLayout collapsingToolbarLayout
com.acerosocotlan.progresoacerosocotlan.Controlador.ProgresoEntregaActivity:
    private static final long VIBRACION_TIEMPO
com.acerosocotlan.progresoacerosocotlan.Controlador.VerOferta:
    private static final long VIBRACION_TIEMPO
com.acerosocotlan.progresoacerosocotlan.Modelo.AcuseRecibo_retrofit:
    11:13:public AcuseRecibo_retrofit(java.lang.String)
    20:21:public void setResp(java.lang.String)
com.acerosocotlan.progresoacerosocotlan.Modelo.DetalleEntrega_retrofit:
    47:61:public DetalleEntrega_retrofit(java.lang.String,java.lang.String,java.lang.String,java.lang.String,java.lang.String,java.lang.String,java.lang.String,java.lang.String,java.lang.String,java.lang.String,java.lang.String,java.lang.String,java.lang.String)
    64:64:public java.lang.String getSucursal()
    68:69:public void setSucursal(java.lang.String)
    72:72:public java.lang.String getRastreo()
    76:77:public void setRastreo(java.lang.String)
    80:80:public java.lang.String getGenero()
    84:85:public void setGenero(java.lang.String)
    88:88:public java.lang.String getNaturaleza()
    92:93:public void setNaturaleza(java.lang.String)
    96:96:public java.lang.String getGrupo()
    100:101:public void setGrupo(java.lang.String)
    104:104:public java.lang.String getTipo()
    108:109:public void setTipo(java.lang.String)
    112:112:public java.lang.String getFoliode()
    116:117:public void setFoliode(java.lang.String)
    120:120:public java.lang.String getNumpartida()
    124:125:public void setNumpartida(java.lang.String)
    128:128:public java.lang.String getCodigo()
    132:133:public void setCodigo(java.lang.String)
    140:141:public void setCantidadkg(java.lang.String)
    148:149:public void setMaterial(java.lang.String)
    156:157:public void setUnidad(java.lang.String)
    164:165:public void setPiezas(java.lang.String)
com.acerosocotlan.progresoacerosocotlan.Modelo.DirectorioTelefonos:
    17:21:public DirectorioTelefonos(java.lang.String,java.lang.String,java.lang.String)
    24:24:public java.lang.String getSociedad()
    28:29:public void setSociedad(java.lang.String)
    32:32:public java.lang.String getSucursal()
    36:37:public void setSucursal(java.lang.String)
    44:45:public void setTelefono(java.lang.String)
com.acerosocotlan.progresoacerosocotlan.Modelo.Factura_retrofit:
    15:18:public Factura_retrofit(java.lang.String,java.lang.String)
    21:21:public java.lang.String getSociedad()
    25:26:public void setSociedad(java.lang.String)
    33:34:public void setRuta(java.lang.String)
com.acerosocotlan.progresoacerosocotlan.Modelo.Historial_retrofit:
    15:18:public Historial_retrofit(java.lang.String,java.lang.String)
    25:26:public void setFecha(java.lang.String)
    33:34:public void setDescripcion(java.lang.String)
com.acerosocotlan.progresoacerosocotlan.Modelo.Historico_retrofit
com.acerosocotlan.progresoacerosocotlan.Modelo.MetodosSharedPreference:
    9:9:public MetodosSharedPreference()
    15:15:public static java.lang.String ObtenerEstatusEntregaPref(android.content.SharedPreferences)
com.acerosocotlan.progresoacerosocotlan.Modelo.NetworkAdapter:
    21:21:public NetworkAdapter()
com.acerosocotlan.progresoacerosocotlan.Modelo.Prueba_retrofit:
    11:13:public Prueba_retrofit(java.lang.String)
    20:21:public void setResp(java.lang.String)
...
android.support.v7.app.NavItemSelectedListener
android.support.v7.app.ResourcesFlusher:
    private static final java.lang.String TAG
    209:210:private ResourcesFlusher()
android.support.v7.app.ToolbarActionBar:
    boolean mToolbarMenuPrepared
    private final android.support.v7.widget.Toolbar$OnMenuItemClickListener mMenuClicker
    51:74:ToolbarActionBar(android.support.v7.widget.Toolbar,java.lang.CharSequence,android.view.Window$Callback)
    77:77:public android.view.Window$Callback getWrappedWindowCallback()
    82:83:public void setCustomView(android.view.View)
    87:91:public void setCustomView(android.view.View,android.support.v7.app.ActionBar$LayoutParams)
    95:97:public void setCustomView(int)
    101:102:public void setIcon(int)
    106:107:public void setIcon(android.graphics.drawable.Drawable)
    111:112:public void setLogo(int)
    116:117:public void setLogo(android.graphics.drawable.Drawable)
    122:122:public void setStackedBackgroundDrawable(android.graphics.drawable.Drawable)
    127:127:public void setSplitBackgroundDrawable(android.graphics.drawable.Drawable)
    141:141:public float getElevation()
    151:151:public boolean isTitleTruncated()
    156:157:public void setHomeAsUpIndicator(android.graphics.drawable.Drawable)
    161:162:public void setHomeAsUpIndicator(int)
    166:167:public void setHomeActionContentDescription(java.lang.CharSequence)
    176:177:public void setHomeActionContentDescription(int)
    191:192:public void setListNavigationCallbacks(android.widget.SpinnerAdapter,android.support.v7.app.ActionBar$OnNavigationListener)
    196:204:public void setSelectedNavigationItem(int)
android.support.v7.app.ToolbarActionBar$1
android.support.v7.app.ToolbarActionBar$2
android.support.v7.app.ToolbarActionBar$ToolbarCallbackWrapper
android.support.v7.app.TwilightCalculator:
    public static final int DAY
    public static final int NIGHT
    private static final float DEGREES_TO_RADIANS
    private static final float J0
    private static final float ALTIDUTE_CORRECTION_CIVIL_TWILIGHT
    private static final float C1
    private static final float C2
    private static final float C3
    private static final float OBLIQUITY
    private static final long UTC_2000
android.support.v7.app.TwilightManager:
    private static final java.lang.String TAG
    private static final int SUNRISE
    private static final int SUNSET
    60:61:static void setInstance(android.support.v7.app.TwilightManager)
android.support.v7.app.WindowDecorActionBar:
    private static final java.lang.String TAG
    private android.support.v7.app.WindowDecorActionBar$TabImpl mSelectedTab
    private static final int INVALID_POSITION
    private static final long FADE_OUT_DURATION_MS
    private static final long FADE_IN_DURATION_MS
    99:192:public WindowDecorActionBar(android.view.View)
    254:254:public float getElevation()
    288:309:private void ensureTabsExist()
    341:342:public void addOnMenuVisibilityListener(android.support.v7.app.ActionBar$OnMenuVisibilityListener)
    346:347:public void removeOnMenuVisibilityListener(android.support.v7.app.ActionBar$OnMenuVisibilityListener)
    364:366:public void setCustomView(int)
    370:371:public void setDisplayUseLogoEnabled(boolean)
    375:376:public void setDisplayShowHomeEnabled(boolean)
    385:386:public void setDisplayShowTitleEnabled(boolean)
    390:391:public void setDisplayShowCustomEnabled(boolean)
    400:401:public void setTitle(int)
    405:406:public void setSubtitle(int)
    410:421:public void setSelectedNavigationItem(int)
    425:426:public void removeAllTabs()
    429:437:private void cleanupTabs()
    441:442:public void setTitle(java.lang.CharSequence)
    451:456:public boolean requestFocus()
    461:462:public void setSubtitle(java.lang.CharSequence)
    466:470:public void setDisplayOptions(int)
    483:484:public void setBackgroundDrawable(android.graphics.drawable.Drawable)